<?xml version="1.0" encoding="UTF-8"?>
<!-- Generated by org.testng.reporters.JUnitReportReporter -->
<testsuite hostname="guanwens-imac.lan" failures="0" tests="1" name="com.google.imooc.testCase.CartBuyFlow" time="16.287" errors="0" timestamp="2022-07-26T16:51:51 PDT" skipped="0">
  <testcase classname="com.google.imooc.testCase.CartBuyFlow" name="testBuyFromCart" time="16.287"/>
  <system-out/>
</testsuite> <!-- com.google.imooc.testCase.CartBuyFlow -->
