<?xml version="1.0" encoding="UTF-8"?>
<!-- Generated by org.testng.reporters.JUnitReportReporter -->
<testsuite hostname="guanwens-imac.lan" failures="0" tests="2" name="com.google.imooc.testCase.ChangePersonalDetail" time="22.765" errors="0" timestamp="2022-07-26T20:49:00 PDT" skipped="0">
  <testcase classname="com.google.imooc.testCase.ChangePersonalDetail" name="testGoPersonPage" time="1.956"/>
  <system-out/>
  <testcase classname="com.google.imooc.testCase.ChangePersonalDetail" name="testLogin" time="20.809"/>
  <system-out/>
</testsuite> <!-- com.google.imooc.testCase.ChangePersonalDetail -->
