<?xml version="1.0" encoding="UTF-8"?>
<!-- Generated by org.testng.reporters.JUnitReportReporter -->
<testsuite hostname="guanwens-imac.lan" failures="0" tests="1" name="com.google.imooc.testCase.Search" time="10.614" errors="0" timestamp="2022-07-28T10:31:48 PDT" skipped="0">
  <testcase classname="com.google.imooc.testCase.Search" name="testSearch" time="10.614"/>
  <system-out/>
</testsuite> <!-- com.google.imooc.testCase.Search -->
