<?xml version="1.0" encoding="UTF-8"?>
<!-- Generated by org.testng.reporters.JUnitReportReporter -->
<testsuite hostname="guanwens-imac.lan" failures="0" tests="2" name="com.google.imooc.testCase.BuyFlow" time="29.115" errors="0" timestamp="2022-07-26T10:18:51 PDT" skipped="0">
  <testcase classname="com.google.imooc.testCase.BuyFlow" name="openCoursePage" time="18.092"/>
  <system-out/>
  <testcase classname="com.google.imooc.testCase.BuyFlow" name="testBuy" time="11.023"/>
  <system-out/>
</testsuite> <!-- com.google.imooc.testCase.BuyFlow -->
