<?xml version="1.0" encoding="UTF-8"?>
<!-- Generated by org.testng.reporters.JUnitReportReporter -->
<testsuite hostname="guanwens-imac.lan" failures="0" tests="1" name="com.google.imooc.testCase.CodingPageCourseList" time="33.214" errors="0" timestamp="2022-07-26T15:19:45 PDT" skipped="0">
  <testcase classname="com.google.imooc.testCase.CodingPageCourseList" name="testCourseList" time="33.214"/>
  <system-out/>
</testsuite> <!-- com.google.imooc.testCase.CodingPageCourseList -->
