<?xml version="1.0" encoding="UTF-8"?>
<!-- Generated by org.testng.reporters.JUnitReportReporter -->
<testsuite hostname="guanwens-imac.lan" failures="0" tests="4" name="com.google.imooc.testCase.Login" time="28.777" errors="0" timestamp="2022-07-25T18:33:29 PDT" skipped="0">
  <testcase classname="com.google.imooc.testCase.Login" name="writeCookie" time="14.378"/>
  <system-out/>
  <testcase classname="com.google.imooc.testCase.Login" name="testGetLoginFrom" time="3.075"/>
  <system-out/>
  <testcase classname="com.google.imooc.testCase.Login" name="testLogin" time="0.373"/>
  <system-out/>
  <testcase classname="com.google.imooc.testCase.Login" name="testGetUrl" time="10.951"/>
  <system-out/>
</testsuite> <!-- com.google.imooc.testCase.Login -->
