<?xml version="1.0" encoding="UTF-8"?>
<!-- Generated by org.testng.reporters.JUnitReportReporter -->
<testsuite hostname="guanwens-imac.lan" failures="0" tests="3" name="com.google.imooc.testCase.ChangeUserDetail" time="42.460" errors="0" timestamp="2022-07-27T16:09:28 PDT" skipped="0">
  <testcase classname="com.google.imooc.testCase.ChangeUserDetail" name="testGoUserPage" time="5.103"/>
  <system-out/>
  <testcase classname="com.google.imooc.testCase.ChangeUserDetail" name="testChangeForm" time="11.250"/>
  <system-out/>
  <testcase classname="com.google.imooc.testCase.ChangeUserDetail" name="testLogin" time="26.107"/>
  <system-out/>
</testsuite> <!-- com.google.imooc.testCase.ChangeUserDetail -->
